CRITICAL - 2021-06-08 02:02:19 --> Class 'App\Models\Usermodel' not found
#0 C:\xampp\htdocs\toko_online\vendor\codeigniter4\framework\system\CodeIgniter.php(928): App\Controllers\Autentikasi->register()
#1 C:\xampp\htdocs\toko_online\vendor\codeigniter4\framework\system\CodeIgniter.php(436): CodeIgniter\CodeIgniter->runController(Object(App\Controllers\Autentikasi))
#2 C:\xampp\htdocs\toko_online\vendor\codeigniter4\framework\system\CodeIgniter.php(336): CodeIgniter\CodeIgniter->handleRequest(NULL, Object(Config\Cache), false)
#3 C:\xampp\htdocs\toko_online\public\index.php(37): CodeIgniter\CodeIgniter->run()
#4 {main}
CRITICAL - 2021-06-08 02:03:49 --> Class 'App\Models\UserModel' not found
#0 C:\xampp\htdocs\toko_online\vendor\codeigniter4\framework\system\CodeIgniter.php(928): App\Controllers\Autentikasi->register()
#1 C:\xampp\htdocs\toko_online\vendor\codeigniter4\framework\system\CodeIgniter.php(436): CodeIgniter\CodeIgniter->runController(Object(App\Controllers\Autentikasi))
#2 C:\xampp\htdocs\toko_online\vendor\codeigniter4\framework\system\CodeIgniter.php(336): CodeIgniter\CodeIgniter->handleRequest(NULL, Object(Config\Cache), false)
#3 C:\xampp\htdocs\toko_online\public\index.php(37): CodeIgniter\CodeIgniter->run()
#4 {main}
ERROR - 2021-06-08 02:04:39 --> Error connecting to the database: No connection could be made because the target machine actively refused it.

CRITICAL - 2021-06-08 02:04:39 --> Unable to connect to the database.
Main connection [MySQLi]: No connection could be made because the target machine actively refused it.

#0 C:\xampp\htdocs\toko_online\vendor\codeigniter4\framework\system\Database\BaseConnection.php(625): CodeIgniter\Database\BaseConnection->initialize()
#1 C:\xampp\htdocs\toko_online\vendor\codeigniter4\framework\system\Database\BaseBuilder.php(2277): CodeIgniter\Database\BaseConnection->query('INSERT INTO `us...', Array, false)
#2 C:\xampp\htdocs\toko_online\vendor\codeigniter4\framework\system\Model.php(259): CodeIgniter\Database\BaseBuilder->insert()
#3 C:\xampp\htdocs\toko_online\vendor\codeigniter4\framework\system\BaseModel.php(774): CodeIgniter\Model->doInsert(Array)
#4 C:\xampp\htdocs\toko_online\vendor\codeigniter4\framework\system\Model.php(686): CodeIgniter\BaseModel->insert(Array, false)
#5 C:\xampp\htdocs\toko_online\vendor\codeigniter4\framework\system\BaseModel.php(687): CodeIgniter\Model->insert(Object(App\Entities\User), false)
#6 C:\xampp\htdocs\toko_online\app\Controllers\autentikasi.php(29): CodeIgniter\BaseModel->save(Object(App\Entities\User))
#7 C:\xampp\htdocs\toko_online\vendor\codeigniter4\framework\system\CodeIgniter.php(928): App\Controllers\Autentikasi->register()
#8 C:\xampp\htdocs\toko_online\vendor\codeigniter4\framework\system\CodeIgniter.php(436): CodeIgniter\CodeIgniter->runController(Object(App\Controllers\Autentikasi))
#9 C:\xampp\htdocs\toko_online\vendor\codeigniter4\framework\system\CodeIgniter.php(336): CodeIgniter\CodeIgniter->handleRequest(NULL, Object(Config\Cache), false)
#10 C:\xampp\htdocs\toko_online\public\index.php(37): CodeIgniter\CodeIgniter->run()
#11 {main}
CRITICAL - 2021-06-08 05:31:15 --> Class 'App\Filters\authfilter' not found
#0 C:\xampp\htdocs\toko_online\vendor\codeigniter4\framework\system\CodeIgniter.php(407): CodeIgniter\Filters\Filters->run('/', 'before')
#1 C:\xampp\htdocs\toko_online\vendor\codeigniter4\framework\system\CodeIgniter.php(336): CodeIgniter\CodeIgniter->handleRequest(NULL, Object(Config\Cache), false)
#2 C:\xampp\htdocs\toko_online\public\index.php(37): CodeIgniter\CodeIgniter->run()
#3 {main}
CRITICAL - 2021-06-08 05:31:15 --> Class 'App\Filters\authfilter' not found
#0 C:\xampp\htdocs\toko_online\vendor\codeigniter4\framework\system\CodeIgniter.php(407): CodeIgniter\Filters\Filters->run('autentikasi', 'before')
#1 C:\xampp\htdocs\toko_online\vendor\codeigniter4\framework\system\CodeIgniter.php(336): CodeIgniter\CodeIgniter->handleRequest(NULL, Object(Config\Cache), false)
#2 C:\xampp\htdocs\toko_online\public\index.php(37): CodeIgniter\CodeIgniter->run()
#3 {main}
CRITICAL - 2021-06-08 05:32:06 --> Class 'App\Filters\authfilter' not found
#0 C:\xampp\htdocs\toko_online\vendor\codeigniter4\framework\system\CodeIgniter.php(407): CodeIgniter\Filters\Filters->run('/', 'before')
#1 C:\xampp\htdocs\toko_online\vendor\codeigniter4\framework\system\CodeIgniter.php(336): CodeIgniter\CodeIgniter->handleRequest(NULL, Object(Config\Cache), false)
#2 C:\xampp\htdocs\toko_online\public\index.php(37): CodeIgniter\CodeIgniter->run()
#3 {main}
CRITICAL - 2021-06-08 05:32:07 --> Class 'App\Filters\authfilter' not found
#0 C:\xampp\htdocs\toko_online\vendor\codeigniter4\framework\system\CodeIgniter.php(407): CodeIgniter\Filters\Filters->run('/', 'before')
#1 C:\xampp\htdocs\toko_online\vendor\codeigniter4\framework\system\CodeIgniter.php(336): CodeIgniter\CodeIgniter->handleRequest(NULL, Object(Config\Cache), false)
#2 C:\xampp\htdocs\toko_online\public\index.php(37): CodeIgniter\CodeIgniter->run()
#3 {main}
CRITICAL - 2021-06-08 05:32:10 --> Class 'App\Filters\authfilter' not found
#0 C:\xampp\htdocs\toko_online\vendor\codeigniter4\framework\system\CodeIgniter.php(407): CodeIgniter\Filters\Filters->run('/', 'before')
#1 C:\xampp\htdocs\toko_online\vendor\codeigniter4\framework\system\CodeIgniter.php(336): CodeIgniter\CodeIgniter->handleRequest(NULL, Object(Config\Cache), false)
#2 C:\xampp\htdocs\toko_online\public\index.php(37): CodeIgniter\CodeIgniter->run()
#3 {main}
CRITICAL - 2021-06-08 11:06:28 --> Undefined variable: contents
#0 C:\xampp\htdocs\toko_online\app\Views\layout.php(168): CodeIgniter\Debug\Exceptions->errorHandler(8, 'Undefined varia...', 'C:\\xampp\\htdocs...', 168, Array)
#1 C:\xampp\htdocs\toko_online\vendor\codeigniter4\framework\system\View\View.php(230): include('C:\\xampp\\htdocs...')
#2 C:\xampp\htdocs\toko_online\vendor\codeigniter4\framework\system\View\View.php(232): CodeIgniter\View\View->CodeIgniter\View\{closure}()
#3 C:\xampp\htdocs\toko_online\vendor\codeigniter4\framework\system\View\View.php(246): CodeIgniter\View\View->render('layout', Array, true)
#4 C:\xampp\htdocs\toko_online\vendor\codeigniter4\framework\system\Common.php(1271): CodeIgniter\View\View->render('login', Array, true)
#5 C:\xampp\htdocs\toko_online\app\Controllers\autentikasi.php(72): view('login')
#6 C:\xampp\htdocs\toko_online\vendor\codeigniter4\framework\system\CodeIgniter.php(928): App\Controllers\Autentikasi->login()
#7 C:\xampp\htdocs\toko_online\vendor\codeigniter4\framework\system\CodeIgniter.php(436): CodeIgniter\CodeIgniter->runController(Object(App\Controllers\Autentikasi))
#8 C:\xampp\htdocs\toko_online\vendor\codeigniter4\framework\system\CodeIgniter.php(336): CodeIgniter\CodeIgniter->handleRequest(NULL, Object(Config\Cache), false)
#9 C:\xampp\htdocs\toko_online\public\index.php(37): CodeIgniter\CodeIgniter->run()
#10 {main}
CRITICAL - 2021-06-08 11:06:51 --> Undefined variable: contents
#0 C:\xampp\htdocs\toko_online\app\Views\layout.php(168): CodeIgniter\Debug\Exceptions->errorHandler(8, 'Undefined varia...', 'C:\\xampp\\htdocs...', 168, Array)
#1 C:\xampp\htdocs\toko_online\vendor\codeigniter4\framework\system\View\View.php(230): include('C:\\xampp\\htdocs...')
#2 C:\xampp\htdocs\toko_online\vendor\codeigniter4\framework\system\View\View.php(232): CodeIgniter\View\View->CodeIgniter\View\{closure}()
#3 C:\xampp\htdocs\toko_online\vendor\codeigniter4\framework\system\View\View.php(246): CodeIgniter\View\View->render('layout', Array, true)
#4 C:\xampp\htdocs\toko_online\vendor\codeigniter4\framework\system\Common.php(1271): CodeIgniter\View\View->render('hello/world', Array, true)
#5 C:\xampp\htdocs\toko_online\app\Controllers\Home.php(9): view('hello/world', Array)
#6 C:\xampp\htdocs\toko_online\vendor\codeigniter4\framework\system\CodeIgniter.php(928): App\Controllers\Home->index()
#7 C:\xampp\htdocs\toko_online\vendor\codeigniter4\framework\system\CodeIgniter.php(436): CodeIgniter\CodeIgniter->runController(Object(App\Controllers\Home))
#8 C:\xampp\htdocs\toko_online\vendor\codeigniter4\framework\system\CodeIgniter.php(336): CodeIgniter\CodeIgniter->handleRequest(NULL, Object(Config\Cache), false)
#9 C:\xampp\htdocs\toko_online\public\index.php(37): CodeIgniter\CodeIgniter->run()
#10 {main}
CRITICAL - 2021-06-08 11:06:52 --> Undefined variable: contents
#0 C:\xampp\htdocs\toko_online\app\Views\layout.php(168): CodeIgniter\Debug\Exceptions->errorHandler(8, 'Undefined varia...', 'C:\\xampp\\htdocs...', 168, Array)
#1 C:\xampp\htdocs\toko_online\vendor\codeigniter4\framework\system\View\View.php(230): include('C:\\xampp\\htdocs...')
#2 C:\xampp\htdocs\toko_online\vendor\codeigniter4\framework\system\View\View.php(232): CodeIgniter\View\View->CodeIgniter\View\{closure}()
#3 C:\xampp\htdocs\toko_online\vendor\codeigniter4\framework\system\View\View.php(246): CodeIgniter\View\View->render('layout', Array, true)
#4 C:\xampp\htdocs\toko_online\vendor\codeigniter4\framework\system\Common.php(1271): CodeIgniter\View\View->render('hello/world', Array, true)
#5 C:\xampp\htdocs\toko_online\app\Controllers\Home.php(9): view('hello/world', Array)
#6 C:\xampp\htdocs\toko_online\vendor\codeigniter4\framework\system\CodeIgniter.php(928): App\Controllers\Home->index()
#7 C:\xampp\htdocs\toko_online\vendor\codeigniter4\framework\system\CodeIgniter.php(436): CodeIgniter\CodeIgniter->runController(Object(App\Controllers\Home))
#8 C:\xampp\htdocs\toko_online\vendor\codeigniter4\framework\system\CodeIgniter.php(336): CodeIgniter\CodeIgniter->handleRequest(NULL, Object(Config\Cache), false)
#9 C:\xampp\htdocs\toko_online\public\index.php(37): CodeIgniter\CodeIgniter->run()
#10 {main}
CRITICAL - 2021-06-08 11:06:57 --> Undefined variable: contents
#0 C:\xampp\htdocs\toko_online\app\Views\layout.php(168): CodeIgniter\Debug\Exceptions->errorHandler(8, 'Undefined varia...', 'C:\\xampp\\htdocs...', 168, Array)
#1 C:\xampp\htdocs\toko_online\vendor\codeigniter4\framework\system\View\View.php(230): include('C:\\xampp\\htdocs...')
#2 C:\xampp\htdocs\toko_online\vendor\codeigniter4\framework\system\View\View.php(232): CodeIgniter\View\View->CodeIgniter\View\{closure}()
#3 C:\xampp\htdocs\toko_online\vendor\codeigniter4\framework\system\View\View.php(246): CodeIgniter\View\View->render('layout', Array, true)
#4 C:\xampp\htdocs\toko_online\vendor\codeigniter4\framework\system\Common.php(1271): CodeIgniter\View\View->render('hello/world', Array, true)
#5 C:\xampp\htdocs\toko_online\app\Controllers\Home.php(9): view('hello/world', Array)
#6 C:\xampp\htdocs\toko_online\vendor\codeigniter4\framework\system\CodeIgniter.php(928): App\Controllers\Home->index()
#7 C:\xampp\htdocs\toko_online\vendor\codeigniter4\framework\system\CodeIgniter.php(436): CodeIgniter\CodeIgniter->runController(Object(App\Controllers\Home))
#8 C:\xampp\htdocs\toko_online\vendor\codeigniter4\framework\system\CodeIgniter.php(336): CodeIgniter\CodeIgniter->handleRequest(NULL, Object(Config\Cache), false)
#9 C:\xampp\htdocs\toko_online\public\index.php(37): CodeIgniter\CodeIgniter->run()
#10 {main}
CRITICAL - 2021-06-08 11:07:00 --> Undefined variable: contents
#0 C:\xampp\htdocs\toko_online\app\Views\layout.php(168): CodeIgniter\Debug\Exceptions->errorHandler(8, 'Undefined varia...', 'C:\\xampp\\htdocs...', 168, Array)
#1 C:\xampp\htdocs\toko_online\vendor\codeigniter4\framework\system\View\View.php(230): include('C:\\xampp\\htdocs...')
#2 C:\xampp\htdocs\toko_online\vendor\codeigniter4\framework\system\View\View.php(232): CodeIgniter\View\View->CodeIgniter\View\{closure}()
#3 C:\xampp\htdocs\toko_online\vendor\codeigniter4\framework\system\View\View.php(246): CodeIgniter\View\View->render('layout', Array, true)
#4 C:\xampp\htdocs\toko_online\vendor\codeigniter4\framework\system\Common.php(1271): CodeIgniter\View\View->render('hello/world', Array, true)
#5 C:\xampp\htdocs\toko_online\app\Controllers\Home.php(9): view('hello/world', Array)
#6 C:\xampp\htdocs\toko_online\vendor\codeigniter4\framework\system\CodeIgniter.php(928): App\Controllers\Home->index()
#7 C:\xampp\htdocs\toko_online\vendor\codeigniter4\framework\system\CodeIgniter.php(436): CodeIgniter\CodeIgniter->runController(Object(App\Controllers\Home))
#8 C:\xampp\htdocs\toko_online\vendor\codeigniter4\framework\system\CodeIgniter.php(336): CodeIgniter\CodeIgniter->handleRequest(NULL, Object(Config\Cache), false)
#9 C:\xampp\htdocs\toko_online\public\index.php(37): CodeIgniter\CodeIgniter->run()
#10 {main}
CRITICAL - 2021-06-08 11:07:01 --> Undefined variable: contents
#0 C:\xampp\htdocs\toko_online\app\Views\layout.php(168): CodeIgniter\Debug\Exceptions->errorHandler(8, 'Undefined varia...', 'C:\\xampp\\htdocs...', 168, Array)
#1 C:\xampp\htdocs\toko_online\vendor\codeigniter4\framework\system\View\View.php(230): include('C:\\xampp\\htdocs...')
#2 C:\xampp\htdocs\toko_online\vendor\codeigniter4\framework\system\View\View.php(232): CodeIgniter\View\View->CodeIgniter\View\{closure}()
#3 C:\xampp\htdocs\toko_online\vendor\codeigniter4\framework\system\View\View.php(246): CodeIgniter\View\View->render('layout', Array, true)
#4 C:\xampp\htdocs\toko_online\vendor\codeigniter4\framework\system\Common.php(1271): CodeIgniter\View\View->render('hello/world', Array, true)
#5 C:\xampp\htdocs\toko_online\app\Controllers\Home.php(9): view('hello/world', Array)
#6 C:\xampp\htdocs\toko_online\vendor\codeigniter4\framework\system\CodeIgniter.php(928): App\Controllers\Home->index()
#7 C:\xampp\htdocs\toko_online\vendor\codeigniter4\framework\system\CodeIgniter.php(436): CodeIgniter\CodeIgniter->runController(Object(App\Controllers\Home))
#8 C:\xampp\htdocs\toko_online\vendor\codeigniter4\framework\system\CodeIgniter.php(336): CodeIgniter\CodeIgniter->handleRequest(NULL, Object(Config\Cache), false)
#9 C:\xampp\htdocs\toko_online\public\index.php(37): CodeIgniter\CodeIgniter->run()
#10 {main}
CRITICAL - 2021-06-08 16:29:54 --> Undefined property: App\Controllers\Barang::$valiadation
#0 C:\xampp\htdocs\toko_online\app\Controllers\barang.php(33): CodeIgniter\Debug\Exceptions->errorHandler(8, 'Undefined prope...', 'C:\\xampp\\htdocs...', 33, Array)
#1 C:\xampp\htdocs\toko_online\vendor\codeigniter4\framework\system\CodeIgniter.php(928): App\Controllers\Barang->create()
#2 C:\xampp\htdocs\toko_online\vendor\codeigniter4\framework\system\CodeIgniter.php(436): CodeIgniter\CodeIgniter->runController(Object(App\Controllers\Barang))
#3 C:\xampp\htdocs\toko_online\vendor\codeigniter4\framework\system\CodeIgniter.php(336): CodeIgniter\CodeIgniter->handleRequest(NULL, Object(Config\Cache), false)
#4 C:\xampp\htdocs\toko_online\public\index.php(37): CodeIgniter\CodeIgniter->run()
#5 {main}
CRITICAL - 2021-06-08 16:32:46 --> Undefined property: CodeIgniter\HTTP\IncomingRequest::$url
#0 C:\xampp\htdocs\toko_online\app\Controllers\barang.php(23): CodeIgniter\Debug\Exceptions->errorHandler(8, 'Undefined prope...', 'C:\\xampp\\htdocs...', 23, Array)
#1 C:\xampp\htdocs\toko_online\vendor\codeigniter4\framework\system\CodeIgniter.php(928): App\Controllers\Barang->view('1')
#2 C:\xampp\htdocs\toko_online\vendor\codeigniter4\framework\system\CodeIgniter.php(436): CodeIgniter\CodeIgniter->runController(Object(App\Controllers\Barang))
#3 C:\xampp\htdocs\toko_online\vendor\codeigniter4\framework\system\CodeIgniter.php(336): CodeIgniter\CodeIgniter->handleRequest(NULL, Object(Config\Cache), false)
#4 C:\xampp\htdocs\toko_online\public\index.php(37): CodeIgniter\CodeIgniter->run()
#5 {main}
CRITICAL - 2021-06-08 16:33:35 --> Undefined property: CodeIgniter\HTTP\IncomingRequest::$url
#0 C:\xampp\htdocs\toko_online\app\Controllers\barang.php(23): CodeIgniter\Debug\Exceptions->errorHandler(8, 'Undefined prope...', 'C:\\xampp\\htdocs...', 23, Array)
#1 C:\xampp\htdocs\toko_online\vendor\codeigniter4\framework\system\CodeIgniter.php(928): App\Controllers\Barang->view('1')
#2 C:\xampp\htdocs\toko_online\vendor\codeigniter4\framework\system\CodeIgniter.php(436): CodeIgniter\CodeIgniter->runController(Object(App\Controllers\Barang))
#3 C:\xampp\htdocs\toko_online\vendor\codeigniter4\framework\system\CodeIgniter.php(336): CodeIgniter\CodeIgniter->handleRequest(NULL, Object(Config\Cache), false)
#4 C:\xampp\htdocs\toko_online\public\index.php(37): CodeIgniter\CodeIgniter->run()
#5 {main}
CRITICAL - 2021-06-08 16:34:41 --> Undefined property: CodeIgniter\HTTP\IncomingRequest::$url
#0 C:\xampp\htdocs\toko_online\app\Controllers\barang.php(23): CodeIgniter\Debug\Exceptions->errorHandler(8, 'Undefined prope...', 'C:\\xampp\\htdocs...', 23, Array)
#1 C:\xampp\htdocs\toko_online\vendor\codeigniter4\framework\system\CodeIgniter.php(928): App\Controllers\Barang->view('1')
#2 C:\xampp\htdocs\toko_online\vendor\codeigniter4\framework\system\CodeIgniter.php(436): CodeIgniter\CodeIgniter->runController(Object(App\Controllers\Barang))
#3 C:\xampp\htdocs\toko_online\vendor\codeigniter4\framework\system\CodeIgniter.php(336): CodeIgniter\CodeIgniter->handleRequest(NULL, Object(Config\Cache), false)
#4 C:\xampp\htdocs\toko_online\public\index.php(37): CodeIgniter\CodeIgniter->run()
#5 {main}
