CRITICAL - 2021-06-07 03:25:35 --> Invalid file: content.php
#0 C:\xampp\htdocs\toko_online\vendor\codeigniter4\framework\system\View\View.php(213): CodeIgniter\Exceptions\FrameworkException::forInvalidFile('content.php')
#1 C:\xampp\htdocs\toko_online\vendor\codeigniter4\framework\system\View\View.php(246): CodeIgniter\View\View->render('content', Array, true)
#2 C:\xampp\htdocs\toko_online\vendor\codeigniter4\framework\system\Common.php(1271): CodeIgniter\View\View->render('hello/world', Array, true)
#3 C:\xampp\htdocs\toko_online\app\Controllers\Home.php(9): view('hello/world')
#4 C:\xampp\htdocs\toko_online\vendor\codeigniter4\framework\system\CodeIgniter.php(928): App\Controllers\Home->index()
#5 C:\xampp\htdocs\toko_online\vendor\codeigniter4\framework\system\CodeIgniter.php(436): CodeIgniter\CodeIgniter->runController(Object(App\Controllers\Home))
#6 C:\xampp\htdocs\toko_online\vendor\codeigniter4\framework\system\CodeIgniter.php(336): CodeIgniter\CodeIgniter->handleRequest(NULL, Object(Config\Cache), false)
#7 C:\xampp\htdocs\toko_online\public\index.php(37): CodeIgniter\CodeIgniter->run()
#8 {main}
CRITICAL - 2021-06-07 03:26:53 --> Invalid file: content.php
#0 C:\xampp\htdocs\toko_online\vendor\codeigniter4\framework\system\View\View.php(213): CodeIgniter\Exceptions\FrameworkException::forInvalidFile('content.php')
#1 C:\xampp\htdocs\toko_online\vendor\codeigniter4\framework\system\View\View.php(246): CodeIgniter\View\View->render('content', Array, true)
#2 C:\xampp\htdocs\toko_online\vendor\codeigniter4\framework\system\Common.php(1271): CodeIgniter\View\View->render('hello/world', Array, true)
#3 C:\xampp\htdocs\toko_online\app\Controllers\Home.php(9): view('hello/world')
#4 C:\xampp\htdocs\toko_online\vendor\codeigniter4\framework\system\CodeIgniter.php(928): App\Controllers\Home->index()
#5 C:\xampp\htdocs\toko_online\vendor\codeigniter4\framework\system\CodeIgniter.php(436): CodeIgniter\CodeIgniter->runController(Object(App\Controllers\Home))
#6 C:\xampp\htdocs\toko_online\vendor\codeigniter4\framework\system\CodeIgniter.php(336): CodeIgniter\CodeIgniter->handleRequest(NULL, Object(Config\Cache), false)
#7 C:\xampp\htdocs\toko_online\public\index.php(37): CodeIgniter\CodeIgniter->run()
#8 {main}
CRITICAL - 2021-06-07 03:26:56 --> Invalid file: content.php
#0 C:\xampp\htdocs\toko_online\vendor\codeigniter4\framework\system\View\View.php(213): CodeIgniter\Exceptions\FrameworkException::forInvalidFile('content.php')
#1 C:\xampp\htdocs\toko_online\vendor\codeigniter4\framework\system\View\View.php(246): CodeIgniter\View\View->render('content', Array, true)
#2 C:\xampp\htdocs\toko_online\vendor\codeigniter4\framework\system\Common.php(1271): CodeIgniter\View\View->render('hello/world', Array, true)
#3 C:\xampp\htdocs\toko_online\app\Controllers\Home.php(9): view('hello/world')
#4 C:\xampp\htdocs\toko_online\vendor\codeigniter4\framework\system\CodeIgniter.php(928): App\Controllers\Home->index()
#5 C:\xampp\htdocs\toko_online\vendor\codeigniter4\framework\system\CodeIgniter.php(436): CodeIgniter\CodeIgniter->runController(Object(App\Controllers\Home))
#6 C:\xampp\htdocs\toko_online\vendor\codeigniter4\framework\system\CodeIgniter.php(336): CodeIgniter\CodeIgniter->handleRequest(NULL, Object(Config\Cache), false)
#7 C:\xampp\htdocs\toko_online\public\index.php(37): CodeIgniter\CodeIgniter->run()
#8 {main}
CRITICAL - 2021-06-07 03:34:20 --> Invalid file: content.php
#0 C:\xampp\htdocs\toko_online\vendor\codeigniter4\framework\system\View\View.php(213): CodeIgniter\Exceptions\FrameworkException::forInvalidFile('content.php')
#1 C:\xampp\htdocs\toko_online\vendor\codeigniter4\framework\system\View\View.php(246): CodeIgniter\View\View->render('content', Array, true)
#2 C:\xampp\htdocs\toko_online\vendor\codeigniter4\framework\system\Common.php(1271): CodeIgniter\View\View->render('hello/world', Array, true)
#3 C:\xampp\htdocs\toko_online\app\Controllers\Home.php(9): view('hello/world')
#4 C:\xampp\htdocs\toko_online\vendor\codeigniter4\framework\system\CodeIgniter.php(928): App\Controllers\Home->index()
#5 C:\xampp\htdocs\toko_online\vendor\codeigniter4\framework\system\CodeIgniter.php(436): CodeIgniter\CodeIgniter->runController(Object(App\Controllers\Home))
#6 C:\xampp\htdocs\toko_online\vendor\codeigniter4\framework\system\CodeIgniter.php(336): CodeIgniter\CodeIgniter->handleRequest(NULL, Object(Config\Cache), false)
#7 C:\xampp\htdocs\toko_online\public\index.php(37): CodeIgniter\CodeIgniter->run()
#8 {main}
CRITICAL - 2021-06-07 08:42:39 --> Call to undefined function form_open()
#0 C:\xampp\htdocs\toko_online\vendor\codeigniter4\framework\system\View\View.php(230): include()
#1 C:\xampp\htdocs\toko_online\vendor\codeigniter4\framework\system\View\View.php(232): CodeIgniter\View\View->CodeIgniter\View\{closure}()
#2 C:\xampp\htdocs\toko_online\vendor\codeigniter4\framework\system\Common.php(1271): CodeIgniter\View\View->render('register', Array, true)
#3 C:\xampp\htdocs\toko_online\app\Controllers\autentikasi.php(9): view('register')
#4 C:\xampp\htdocs\toko_online\vendor\codeigniter4\framework\system\CodeIgniter.php(928): App\Controllers\Autentikasi->register()
#5 C:\xampp\htdocs\toko_online\vendor\codeigniter4\framework\system\CodeIgniter.php(436): CodeIgniter\CodeIgniter->runController(Object(App\Controllers\Autentikasi))
#6 C:\xampp\htdocs\toko_online\vendor\codeigniter4\framework\system\CodeIgniter.php(336): CodeIgniter\CodeIgniter->handleRequest(NULL, Object(Config\Cache), false)
#7 C:\xampp\htdocs\toko_online\public\index.php(37): CodeIgniter\CodeIgniter->run()
#8 {main}
CRITICAL - 2021-06-07 08:48:29 --> Call to undefined function form_open()
#0 C:\xampp\htdocs\toko_online\vendor\codeigniter4\framework\system\View\View.php(230): include()
#1 C:\xampp\htdocs\toko_online\vendor\codeigniter4\framework\system\View\View.php(232): CodeIgniter\View\View->CodeIgniter\View\{closure}()
#2 C:\xampp\htdocs\toko_online\vendor\codeigniter4\framework\system\Common.php(1271): CodeIgniter\View\View->render('register', Array, true)
#3 C:\xampp\htdocs\toko_online\app\Controllers\autentikasi.php(9): view('register')
#4 C:\xampp\htdocs\toko_online\vendor\codeigniter4\framework\system\CodeIgniter.php(928): App\Controllers\Autentikasi->register()
#5 C:\xampp\htdocs\toko_online\vendor\codeigniter4\framework\system\CodeIgniter.php(436): CodeIgniter\CodeIgniter->runController(Object(App\Controllers\Autentikasi))
#6 C:\xampp\htdocs\toko_online\vendor\codeigniter4\framework\system\CodeIgniter.php(336): CodeIgniter\CodeIgniter->handleRequest(NULL, Object(Config\Cache), false)
#7 C:\xampp\htdocs\toko_online\public\index.php(37): CodeIgniter\CodeIgniter->run()
#8 {main}
CRITICAL - 2021-06-07 08:48:38 --> Call to undefined function form_open()
#0 C:\xampp\htdocs\toko_online\vendor\codeigniter4\framework\system\View\View.php(230): include()
#1 C:\xampp\htdocs\toko_online\vendor\codeigniter4\framework\system\View\View.php(232): CodeIgniter\View\View->CodeIgniter\View\{closure}()
#2 C:\xampp\htdocs\toko_online\vendor\codeigniter4\framework\system\Common.php(1271): CodeIgniter\View\View->render('register', Array, true)
#3 C:\xampp\htdocs\toko_online\app\Controllers\autentikasi.php(9): view('register')
#4 C:\xampp\htdocs\toko_online\vendor\codeigniter4\framework\system\CodeIgniter.php(928): App\Controllers\Autentikasi->register()
#5 C:\xampp\htdocs\toko_online\vendor\codeigniter4\framework\system\CodeIgniter.php(436): CodeIgniter\CodeIgniter->runController(Object(App\Controllers\Autentikasi))
#6 C:\xampp\htdocs\toko_online\vendor\codeigniter4\framework\system\CodeIgniter.php(336): CodeIgniter\CodeIgniter->handleRequest(NULL, Object(Config\Cache), false)
#7 C:\xampp\htdocs\toko_online\public\index.php(37): CodeIgniter\CodeIgniter->run()
#8 {main}
CRITICAL - 2021-06-07 08:52:32 --> Call to undefined function form_open()
#0 C:\xampp\htdocs\toko_online\vendor\codeigniter4\framework\system\View\View.php(230): include()
#1 C:\xampp\htdocs\toko_online\vendor\codeigniter4\framework\system\View\View.php(232): CodeIgniter\View\View->CodeIgniter\View\{closure}()
#2 C:\xampp\htdocs\toko_online\vendor\codeigniter4\framework\system\Common.php(1271): CodeIgniter\View\View->render('register', Array, true)
#3 C:\xampp\htdocs\toko_online\app\Controllers\autentikasi.php(9): view('register')
#4 C:\xampp\htdocs\toko_online\vendor\codeigniter4\framework\system\CodeIgniter.php(928): App\Controllers\Autentikasi->register()
#5 C:\xampp\htdocs\toko_online\vendor\codeigniter4\framework\system\CodeIgniter.php(436): CodeIgniter\CodeIgniter->runController(Object(App\Controllers\Autentikasi))
#6 C:\xampp\htdocs\toko_online\vendor\codeigniter4\framework\system\CodeIgniter.php(336): CodeIgniter\CodeIgniter->handleRequest(NULL, Object(Config\Cache), false)
#7 C:\xampp\htdocs\toko_online\public\index.php(37): CodeIgniter\CodeIgniter->run()
#8 {main}
CRITICAL - 2021-06-07 08:52:33 --> Call to undefined function form_open()
#0 C:\xampp\htdocs\toko_online\vendor\codeigniter4\framework\system\View\View.php(230): include()
#1 C:\xampp\htdocs\toko_online\vendor\codeigniter4\framework\system\View\View.php(232): CodeIgniter\View\View->CodeIgniter\View\{closure}()
#2 C:\xampp\htdocs\toko_online\vendor\codeigniter4\framework\system\Common.php(1271): CodeIgniter\View\View->render('register', Array, true)
#3 C:\xampp\htdocs\toko_online\app\Controllers\autentikasi.php(9): view('register')
#4 C:\xampp\htdocs\toko_online\vendor\codeigniter4\framework\system\CodeIgniter.php(928): App\Controllers\Autentikasi->register()
#5 C:\xampp\htdocs\toko_online\vendor\codeigniter4\framework\system\CodeIgniter.php(436): CodeIgniter\CodeIgniter->runController(Object(App\Controllers\Autentikasi))
#6 C:\xampp\htdocs\toko_online\vendor\codeigniter4\framework\system\CodeIgniter.php(336): CodeIgniter\CodeIgniter->handleRequest(NULL, Object(Config\Cache), false)
#7 C:\xampp\htdocs\toko_online\public\index.php(37): CodeIgniter\CodeIgniter->run()
#8 {main}
CRITICAL - 2021-06-07 08:52:35 --> Call to undefined function form_open()
#0 C:\xampp\htdocs\toko_online\vendor\codeigniter4\framework\system\View\View.php(230): include()
#1 C:\xampp\htdocs\toko_online\vendor\codeigniter4\framework\system\View\View.php(232): CodeIgniter\View\View->CodeIgniter\View\{closure}()
#2 C:\xampp\htdocs\toko_online\vendor\codeigniter4\framework\system\Common.php(1271): CodeIgniter\View\View->render('register', Array, true)
#3 C:\xampp\htdocs\toko_online\app\Controllers\autentikasi.php(9): view('register')
#4 C:\xampp\htdocs\toko_online\vendor\codeigniter4\framework\system\CodeIgniter.php(928): App\Controllers\Autentikasi->register()
#5 C:\xampp\htdocs\toko_online\vendor\codeigniter4\framework\system\CodeIgniter.php(436): CodeIgniter\CodeIgniter->runController(Object(App\Controllers\Autentikasi))
#6 C:\xampp\htdocs\toko_online\vendor\codeigniter4\framework\system\CodeIgniter.php(336): CodeIgniter\CodeIgniter->handleRequest(NULL, Object(Config\Cache), false)
#7 C:\xampp\htdocs\toko_online\public\index.php(37): CodeIgniter\CodeIgniter->run()
#8 {main}
CRITICAL - 2021-06-07 08:52:38 --> Call to undefined function form_open()
#0 C:\xampp\htdocs\toko_online\vendor\codeigniter4\framework\system\View\View.php(230): include()
#1 C:\xampp\htdocs\toko_online\vendor\codeigniter4\framework\system\View\View.php(232): CodeIgniter\View\View->CodeIgniter\View\{closure}()
#2 C:\xampp\htdocs\toko_online\vendor\codeigniter4\framework\system\Common.php(1271): CodeIgniter\View\View->render('register', Array, true)
#3 C:\xampp\htdocs\toko_online\app\Controllers\autentikasi.php(9): view('register')
#4 C:\xampp\htdocs\toko_online\vendor\codeigniter4\framework\system\CodeIgniter.php(928): App\Controllers\Autentikasi->register()
#5 C:\xampp\htdocs\toko_online\vendor\codeigniter4\framework\system\CodeIgniter.php(436): CodeIgniter\CodeIgniter->runController(Object(App\Controllers\Autentikasi))
#6 C:\xampp\htdocs\toko_online\vendor\codeigniter4\framework\system\CodeIgniter.php(336): CodeIgniter\CodeIgniter->handleRequest(NULL, Object(Config\Cache), false)
#7 C:\xampp\htdocs\toko_online\public\index.php(37): CodeIgniter\CodeIgniter->run()
#8 {main}
CRITICAL - 2021-06-07 08:54:39 --> Call to undefined function form_open()
#0 C:\xampp\htdocs\toko_online\vendor\codeigniter4\framework\system\View\View.php(230): include()
#1 C:\xampp\htdocs\toko_online\vendor\codeigniter4\framework\system\View\View.php(232): CodeIgniter\View\View->CodeIgniter\View\{closure}()
#2 C:\xampp\htdocs\toko_online\vendor\codeigniter4\framework\system\Common.php(1271): CodeIgniter\View\View->render('register', Array, true)
#3 C:\xampp\htdocs\toko_online\app\Controllers\autentikasi.php(9): view('register')
#4 C:\xampp\htdocs\toko_online\vendor\codeigniter4\framework\system\CodeIgniter.php(928): App\Controllers\Autentikasi->register()
#5 C:\xampp\htdocs\toko_online\vendor\codeigniter4\framework\system\CodeIgniter.php(436): CodeIgniter\CodeIgniter->runController(Object(App\Controllers\Autentikasi))
#6 C:\xampp\htdocs\toko_online\vendor\codeigniter4\framework\system\CodeIgniter.php(336): CodeIgniter\CodeIgniter->handleRequest(NULL, Object(Config\Cache), false)
#7 C:\xampp\htdocs\toko_online\public\index.php(37): CodeIgniter\CodeIgniter->run()
#8 {main}
CRITICAL - 2021-06-07 11:19:35 --> Call to undefined function form_label()
#0 C:\xampp\htdocs\toko_online\vendor\codeigniter4\framework\system\View\View.php(230): include()
#1 C:\xampp\htdocs\toko_online\vendor\codeigniter4\framework\system\View\View.php(232): CodeIgniter\View\View->CodeIgniter\View\{closure}()
#2 C:\xampp\htdocs\toko_online\vendor\codeigniter4\framework\system\Common.php(1271): CodeIgniter\View\View->render('register', Array, true)
#3 C:\xampp\htdocs\toko_online\app\Controllers\autentikasi.php(9): view('register')
#4 C:\xampp\htdocs\toko_online\vendor\codeigniter4\framework\system\CodeIgniter.php(928): App\Controllers\Autentikasi->register()
#5 C:\xampp\htdocs\toko_online\vendor\codeigniter4\framework\system\CodeIgniter.php(436): CodeIgniter\CodeIgniter->runController(Object(App\Controllers\Autentikasi))
#6 C:\xampp\htdocs\toko_online\vendor\codeigniter4\framework\system\CodeIgniter.php(336): CodeIgniter\CodeIgniter->handleRequest(NULL, Object(Config\Cache), false)
#7 C:\xampp\htdocs\toko_online\public\index.php(37): CodeIgniter\CodeIgniter->run()
#8 {main}
CRITICAL - 2021-06-07 11:21:32 --> Call to undefined function form_open()
#0 C:\xampp\htdocs\toko_online\vendor\codeigniter4\framework\system\View\View.php(230): include()
#1 C:\xampp\htdocs\toko_online\vendor\codeigniter4\framework\system\View\View.php(232): CodeIgniter\View\View->CodeIgniter\View\{closure}()
#2 C:\xampp\htdocs\toko_online\vendor\codeigniter4\framework\system\Common.php(1271): CodeIgniter\View\View->render('register', Array, true)
#3 C:\xampp\htdocs\toko_online\app\Controllers\autentikasi.php(9): view('register')
#4 C:\xampp\htdocs\toko_online\vendor\codeigniter4\framework\system\CodeIgniter.php(928): App\Controllers\Autentikasi->register()
#5 C:\xampp\htdocs\toko_online\vendor\codeigniter4\framework\system\CodeIgniter.php(436): CodeIgniter\CodeIgniter->runController(Object(App\Controllers\Autentikasi))
#6 C:\xampp\htdocs\toko_online\vendor\codeigniter4\framework\system\CodeIgniter.php(336): CodeIgniter\CodeIgniter->handleRequest(NULL, Object(Config\Cache), false)
#7 C:\xampp\htdocs\toko_online\public\index.php(37): CodeIgniter\CodeIgniter->run()
#8 {main}
CRITICAL - 2021-06-07 11:22:07 --> Call to undefined function form_label()
#0 C:\xampp\htdocs\toko_online\vendor\codeigniter4\framework\system\View\View.php(230): include()
#1 C:\xampp\htdocs\toko_online\vendor\codeigniter4\framework\system\View\View.php(232): CodeIgniter\View\View->CodeIgniter\View\{closure}()
#2 C:\xampp\htdocs\toko_online\vendor\codeigniter4\framework\system\Common.php(1271): CodeIgniter\View\View->render('register', Array, true)
#3 C:\xampp\htdocs\toko_online\app\Controllers\autentikasi.php(9): view('register')
#4 C:\xampp\htdocs\toko_online\vendor\codeigniter4\framework\system\CodeIgniter.php(928): App\Controllers\Autentikasi->register()
#5 C:\xampp\htdocs\toko_online\vendor\codeigniter4\framework\system\CodeIgniter.php(436): CodeIgniter\CodeIgniter->runController(Object(App\Controllers\Autentikasi))
#6 C:\xampp\htdocs\toko_online\vendor\codeigniter4\framework\system\CodeIgniter.php(336): CodeIgniter\CodeIgniter->handleRequest(NULL, Object(Config\Cache), false)
#7 C:\xampp\htdocs\toko_online\public\index.php(37): CodeIgniter\CodeIgniter->run()
#8 {main}
CRITICAL - 2021-06-07 11:29:01 --> View themes, no current section.
#0 C:\xampp\htdocs\toko_online\app\Views\register.php(38): CodeIgniter\View\View->endSection()
#1 C:\xampp\htdocs\toko_online\vendor\codeigniter4\framework\system\View\View.php(230): include('C:\\xampp\\htdocs...')
#2 C:\xampp\htdocs\toko_online\vendor\codeigniter4\framework\system\View\View.php(232): CodeIgniter\View\View->CodeIgniter\View\{closure}()
#3 C:\xampp\htdocs\toko_online\vendor\codeigniter4\framework\system\Common.php(1271): CodeIgniter\View\View->render('register', Array, true)
#4 C:\xampp\htdocs\toko_online\app\Controllers\autentikasi.php(9): view('register')
#5 C:\xampp\htdocs\toko_online\vendor\codeigniter4\framework\system\CodeIgniter.php(928): App\Controllers\Autentikasi->register()
#6 C:\xampp\htdocs\toko_online\vendor\codeigniter4\framework\system\CodeIgniter.php(436): CodeIgniter\CodeIgniter->runController(Object(App\Controllers\Autentikasi))
#7 C:\xampp\htdocs\toko_online\vendor\codeigniter4\framework\system\CodeIgniter.php(336): CodeIgniter\CodeIgniter->handleRequest(NULL, Object(Config\Cache), false)
#8 C:\xampp\htdocs\toko_online\public\index.php(37): CodeIgniter\CodeIgniter->run()
#9 {main}
CRITICAL - 2021-06-07 11:40:25 --> Call to undefined function form_open()
#0 C:\xampp\htdocs\toko_online\vendor\codeigniter4\framework\system\View\View.php(230): include()
#1 C:\xampp\htdocs\toko_online\vendor\codeigniter4\framework\system\View\View.php(232): CodeIgniter\View\View->CodeIgniter\View\{closure}()
#2 C:\xampp\htdocs\toko_online\vendor\codeigniter4\framework\system\Common.php(1271): CodeIgniter\View\View->render('register', Array, true)
#3 C:\xampp\htdocs\toko_online\app\Controllers\autentikasi.php(9): view('register')
#4 C:\xampp\htdocs\toko_online\vendor\codeigniter4\framework\system\CodeIgniter.php(928): App\Controllers\Autentikasi->register()
#5 C:\xampp\htdocs\toko_online\vendor\codeigniter4\framework\system\CodeIgniter.php(436): CodeIgniter\CodeIgniter->runController(Object(App\Controllers\Autentikasi))
#6 C:\xampp\htdocs\toko_online\vendor\codeigniter4\framework\system\CodeIgniter.php(336): CodeIgniter\CodeIgniter->handleRequest(NULL, Object(Config\Cache), false)
#7 C:\xampp\htdocs\toko_online\public\index.php(37): CodeIgniter\CodeIgniter->run()
#8 {main}
CRITICAL - 2021-06-07 11:40:54 --> Call to undefined function form_label()
#0 C:\xampp\htdocs\toko_online\vendor\codeigniter4\framework\system\View\View.php(230): include()
#1 C:\xampp\htdocs\toko_online\vendor\codeigniter4\framework\system\View\View.php(232): CodeIgniter\View\View->CodeIgniter\View\{closure}()
#2 C:\xampp\htdocs\toko_online\vendor\codeigniter4\framework\system\Common.php(1271): CodeIgniter\View\View->render('register', Array, true)
#3 C:\xampp\htdocs\toko_online\app\Controllers\autentikasi.php(9): view('register')
#4 C:\xampp\htdocs\toko_online\vendor\codeigniter4\framework\system\CodeIgniter.php(928): App\Controllers\Autentikasi->register()
#5 C:\xampp\htdocs\toko_online\vendor\codeigniter4\framework\system\CodeIgniter.php(436): CodeIgniter\CodeIgniter->runController(Object(App\Controllers\Autentikasi))
#6 C:\xampp\htdocs\toko_online\vendor\codeigniter4\framework\system\CodeIgniter.php(336): CodeIgniter\CodeIgniter->handleRequest(NULL, Object(Config\Cache), false)
#7 C:\xampp\htdocs\toko_online\public\index.php(37): CodeIgniter\CodeIgniter->run()
#8 {main}
CRITICAL - 2021-06-07 11:55:02 --> Call to undefined method CodeIgniter\View\View::extends()
#0 C:\xampp\htdocs\toko_online\vendor\codeigniter4\framework\system\View\View.php(230): include()
#1 C:\xampp\htdocs\toko_online\vendor\codeigniter4\framework\system\View\View.php(232): CodeIgniter\View\View->CodeIgniter\View\{closure}()
#2 C:\xampp\htdocs\toko_online\vendor\codeigniter4\framework\system\Common.php(1271): CodeIgniter\View\View->render('register', Array, true)
#3 C:\xampp\htdocs\toko_online\app\Controllers\autentikasi.php(9): view('register')
#4 C:\xampp\htdocs\toko_online\vendor\codeigniter4\framework\system\CodeIgniter.php(928): App\Controllers\Autentikasi->register()
#5 C:\xampp\htdocs\toko_online\vendor\codeigniter4\framework\system\CodeIgniter.php(436): CodeIgniter\CodeIgniter->runController(Object(App\Controllers\Autentikasi))
#6 C:\xampp\htdocs\toko_online\vendor\codeigniter4\framework\system\CodeIgniter.php(336): CodeIgniter\CodeIgniter->handleRequest(NULL, Object(Config\Cache), false)
#7 C:\xampp\htdocs\toko_online\public\index.php(37): CodeIgniter\CodeIgniter->run()
#8 {main}
CRITICAL - 2021-06-07 12:17:25 --> Call to undefined function form_open()
#0 C:\xampp\htdocs\toko_online\vendor\codeigniter4\framework\system\View\View.php(230): include()
#1 C:\xampp\htdocs\toko_online\vendor\codeigniter4\framework\system\View\View.php(232): CodeIgniter\View\View->CodeIgniter\View\{closure}()
#2 C:\xampp\htdocs\toko_online\vendor\codeigniter4\framework\system\Common.php(1271): CodeIgniter\View\View->render('register', Array, true)
#3 C:\xampp\htdocs\toko_online\app\Controllers\autentikasi.php(9): view('register')
#4 C:\xampp\htdocs\toko_online\vendor\codeigniter4\framework\system\CodeIgniter.php(928): App\Controllers\Autentikasi->register()
#5 C:\xampp\htdocs\toko_online\vendor\codeigniter4\framework\system\CodeIgniter.php(436): CodeIgniter\CodeIgniter->runController(Object(App\Controllers\Autentikasi))
#6 C:\xampp\htdocs\toko_online\vendor\codeigniter4\framework\system\CodeIgniter.php(336): CodeIgniter\CodeIgniter->handleRequest(NULL, Object(Config\Cache), false)
#7 C:\xampp\htdocs\toko_online\public\index.php(37): CodeIgniter\CodeIgniter->run()
#8 {main}
CRITICAL - 2021-06-07 12:18:11 --> Call to undefined function form_submit()
#0 C:\xampp\htdocs\toko_online\vendor\codeigniter4\framework\system\View\View.php(230): include()
#1 C:\xampp\htdocs\toko_online\vendor\codeigniter4\framework\system\View\View.php(232): CodeIgniter\View\View->CodeIgniter\View\{closure}()
#2 C:\xampp\htdocs\toko_online\vendor\codeigniter4\framework\system\Common.php(1271): CodeIgniter\View\View->render('register', Array, true)
#3 C:\xampp\htdocs\toko_online\app\Controllers\autentikasi.php(9): view('register')
#4 C:\xampp\htdocs\toko_online\vendor\codeigniter4\framework\system\CodeIgniter.php(928): App\Controllers\Autentikasi->register()
#5 C:\xampp\htdocs\toko_online\vendor\codeigniter4\framework\system\CodeIgniter.php(436): CodeIgniter\CodeIgniter->runController(Object(App\Controllers\Autentikasi))
#6 C:\xampp\htdocs\toko_online\vendor\codeigniter4\framework\system\CodeIgniter.php(336): CodeIgniter\CodeIgniter->handleRequest(NULL, Object(Config\Cache), false)
#7 C:\xampp\htdocs\toko_online\public\index.php(37): CodeIgniter\CodeIgniter->run()
#8 {main}
CRITICAL - 2021-06-07 12:46:36 --> Undefined variable: username
#0 C:\xampp\htdocs\toko_online\app\Views\register.php(17): CodeIgniter\Debug\Exceptions->errorHandler(8, 'Undefined varia...', 'C:\\xampp\\htdocs...', 17, Array)
#1 C:\xampp\htdocs\toko_online\vendor\codeigniter4\framework\system\View\View.php(230): include('C:\\xampp\\htdocs...')
#2 C:\xampp\htdocs\toko_online\vendor\codeigniter4\framework\system\View\View.php(232): CodeIgniter\View\View->CodeIgniter\View\{closure}()
#3 C:\xampp\htdocs\toko_online\vendor\codeigniter4\framework\system\Common.php(1271): CodeIgniter\View\View->render('register', Array, true)
#4 C:\xampp\htdocs\toko_online\app\Controllers\autentikasi.php(13): view('register')
#5 C:\xampp\htdocs\toko_online\vendor\codeigniter4\framework\system\CodeIgniter.php(928): App\Controllers\Autentikasi->register()
#6 C:\xampp\htdocs\toko_online\vendor\codeigniter4\framework\system\CodeIgniter.php(436): CodeIgniter\CodeIgniter->runController(Object(App\Controllers\Autentikasi))
#7 C:\xampp\htdocs\toko_online\vendor\codeigniter4\framework\system\CodeIgniter.php(336): CodeIgniter\CodeIgniter->handleRequest(NULL, Object(Config\Cache), false)
#8 C:\xampp\htdocs\toko_online\public\index.php(37): CodeIgniter\CodeIgniter->run()
#9 {main}
CRITICAL - 2021-06-07 12:48:12 --> Undefined variable: username
#0 C:\xampp\htdocs\toko_online\app\Views\register.php(17): CodeIgniter\Debug\Exceptions->errorHandler(8, 'Undefined varia...', 'C:\\xampp\\htdocs...', 17, Array)
#1 C:\xampp\htdocs\toko_online\vendor\codeigniter4\framework\system\View\View.php(230): include('C:\\xampp\\htdocs...')
#2 C:\xampp\htdocs\toko_online\vendor\codeigniter4\framework\system\View\View.php(232): CodeIgniter\View\View->CodeIgniter\View\{closure}()
#3 C:\xampp\htdocs\toko_online\vendor\codeigniter4\framework\system\Common.php(1271): CodeIgniter\View\View->render('register', Array, true)
#4 C:\xampp\htdocs\toko_online\app\Controllers\autentikasi.php(13): view('register')
#5 C:\xampp\htdocs\toko_online\vendor\codeigniter4\framework\system\CodeIgniter.php(928): App\Controllers\Autentikasi->register()
#6 C:\xampp\htdocs\toko_online\vendor\codeigniter4\framework\system\CodeIgniter.php(436): CodeIgniter\CodeIgniter->runController(Object(App\Controllers\Autentikasi))
#7 C:\xampp\htdocs\toko_online\vendor\codeigniter4\framework\system\CodeIgniter.php(336): CodeIgniter\CodeIgniter->handleRequest(NULL, Object(Config\Cache), false)
#8 C:\xampp\htdocs\toko_online\public\index.php(37): CodeIgniter\CodeIgniter->run()
#9 {main}
CRITICAL - 2021-06-07 12:49:33 --> Undefined variable: username
#0 C:\xampp\htdocs\toko_online\app\Views\register.php(17): CodeIgniter\Debug\Exceptions->errorHandler(8, 'Undefined varia...', 'C:\\xampp\\htdocs...', 17, Array)
#1 C:\xampp\htdocs\toko_online\vendor\codeigniter4\framework\system\View\View.php(230): include('C:\\xampp\\htdocs...')
#2 C:\xampp\htdocs\toko_online\vendor\codeigniter4\framework\system\View\View.php(232): CodeIgniter\View\View->CodeIgniter\View\{closure}()
#3 C:\xampp\htdocs\toko_online\vendor\codeigniter4\framework\system\Common.php(1271): CodeIgniter\View\View->render('register', Array, true)
#4 C:\xampp\htdocs\toko_online\app\Controllers\autentikasi.php(13): view('register')
#5 C:\xampp\htdocs\toko_online\vendor\codeigniter4\framework\system\CodeIgniter.php(928): App\Controllers\Autentikasi->register()
#6 C:\xampp\htdocs\toko_online\vendor\codeigniter4\framework\system\CodeIgniter.php(436): CodeIgniter\CodeIgniter->runController(Object(App\Controllers\Autentikasi))
#7 C:\xampp\htdocs\toko_online\vendor\codeigniter4\framework\system\CodeIgniter.php(336): CodeIgniter\CodeIgniter->handleRequest(NULL, Object(Config\Cache), false)
#8 C:\xampp\htdocs\toko_online\public\index.php(37): CodeIgniter\CodeIgniter->run()
#9 {main}
CRITICAL - 2021-06-07 12:49:35 --> Undefined variable: username
#0 C:\xampp\htdocs\toko_online\app\Views\register.php(17): CodeIgniter\Debug\Exceptions->errorHandler(8, 'Undefined varia...', 'C:\\xampp\\htdocs...', 17, Array)
#1 C:\xampp\htdocs\toko_online\vendor\codeigniter4\framework\system\View\View.php(230): include('C:\\xampp\\htdocs...')
#2 C:\xampp\htdocs\toko_online\vendor\codeigniter4\framework\system\View\View.php(232): CodeIgniter\View\View->CodeIgniter\View\{closure}()
#3 C:\xampp\htdocs\toko_online\vendor\codeigniter4\framework\system\Common.php(1271): CodeIgniter\View\View->render('register', Array, true)
#4 C:\xampp\htdocs\toko_online\app\Controllers\autentikasi.php(13): view('register')
#5 C:\xampp\htdocs\toko_online\vendor\codeigniter4\framework\system\CodeIgniter.php(928): App\Controllers\Autentikasi->register()
#6 C:\xampp\htdocs\toko_online\vendor\codeigniter4\framework\system\CodeIgniter.php(436): CodeIgniter\CodeIgniter->runController(Object(App\Controllers\Autentikasi))
#7 C:\xampp\htdocs\toko_online\vendor\codeigniter4\framework\system\CodeIgniter.php(336): CodeIgniter\CodeIgniter->handleRequest(NULL, Object(Config\Cache), false)
#8 C:\xampp\htdocs\toko_online\public\index.php(37): CodeIgniter\CodeIgniter->run()
#9 {main}
CRITICAL - 2021-06-07 12:49:36 --> Undefined variable: username
#0 C:\xampp\htdocs\toko_online\app\Views\register.php(17): CodeIgniter\Debug\Exceptions->errorHandler(8, 'Undefined varia...', 'C:\\xampp\\htdocs...', 17, Array)
#1 C:\xampp\htdocs\toko_online\vendor\codeigniter4\framework\system\View\View.php(230): include('C:\\xampp\\htdocs...')
#2 C:\xampp\htdocs\toko_online\vendor\codeigniter4\framework\system\View\View.php(232): CodeIgniter\View\View->CodeIgniter\View\{closure}()
#3 C:\xampp\htdocs\toko_online\vendor\codeigniter4\framework\system\Common.php(1271): CodeIgniter\View\View->render('register', Array, true)
#4 C:\xampp\htdocs\toko_online\app\Controllers\autentikasi.php(13): view('register')
#5 C:\xampp\htdocs\toko_online\vendor\codeigniter4\framework\system\CodeIgniter.php(928): App\Controllers\Autentikasi->register()
#6 C:\xampp\htdocs\toko_online\vendor\codeigniter4\framework\system\CodeIgniter.php(436): CodeIgniter\CodeIgniter->runController(Object(App\Controllers\Autentikasi))
#7 C:\xampp\htdocs\toko_online\vendor\codeigniter4\framework\system\CodeIgniter.php(336): CodeIgniter\CodeIgniter->handleRequest(NULL, Object(Config\Cache), false)
#8 C:\xampp\htdocs\toko_online\public\index.php(37): CodeIgniter\CodeIgniter->run()
#9 {main}
CRITICAL - 2021-06-07 12:52:52 --> Undefined variable: username
#0 C:\xampp\htdocs\toko_online\app\Views\register.php(17): CodeIgniter\Debug\Exceptions->errorHandler(8, 'Undefined varia...', 'C:\\xampp\\htdocs...', 17, Array)
#1 C:\xampp\htdocs\toko_online\vendor\codeigniter4\framework\system\View\View.php(230): include('C:\\xampp\\htdocs...')
#2 C:\xampp\htdocs\toko_online\vendor\codeigniter4\framework\system\View\View.php(232): CodeIgniter\View\View->CodeIgniter\View\{closure}()
#3 C:\xampp\htdocs\toko_online\vendor\codeigniter4\framework\system\Common.php(1271): CodeIgniter\View\View->render('register', Array, true)
#4 C:\xampp\htdocs\toko_online\app\Controllers\autentikasi.php(13): view('register')
#5 C:\xampp\htdocs\toko_online\vendor\codeigniter4\framework\system\CodeIgniter.php(928): App\Controllers\Autentikasi->register()
#6 C:\xampp\htdocs\toko_online\vendor\codeigniter4\framework\system\CodeIgniter.php(436): CodeIgniter\CodeIgniter->runController(Object(App\Controllers\Autentikasi))
#7 C:\xampp\htdocs\toko_online\vendor\codeigniter4\framework\system\CodeIgniter.php(336): CodeIgniter\CodeIgniter->handleRequest(NULL, Object(Config\Cache), false)
#8 C:\xampp\htdocs\toko_online\public\index.php(37): CodeIgniter\CodeIgniter->run()
#9 {main}
CRITICAL - 2021-06-07 12:55:57 --> Undefined variable: username
#0 C:\xampp\htdocs\toko_online\app\Views\register.php(17): CodeIgniter\Debug\Exceptions->errorHandler(8, 'Undefined varia...', 'C:\\xampp\\htdocs...', 17, Array)
#1 C:\xampp\htdocs\toko_online\vendor\codeigniter4\framework\system\View\View.php(230): include('C:\\xampp\\htdocs...')
#2 C:\xampp\htdocs\toko_online\vendor\codeigniter4\framework\system\View\View.php(232): CodeIgniter\View\View->CodeIgniter\View\{closure}()
#3 C:\xampp\htdocs\toko_online\vendor\codeigniter4\framework\system\Common.php(1271): CodeIgniter\View\View->render('register', Array, true)
#4 C:\xampp\htdocs\toko_online\app\Controllers\autentikasi.php(13): view('register')
#5 C:\xampp\htdocs\toko_online\vendor\codeigniter4\framework\system\CodeIgniter.php(928): App\Controllers\Autentikasi->register()
#6 C:\xampp\htdocs\toko_online\vendor\codeigniter4\framework\system\CodeIgniter.php(436): CodeIgniter\CodeIgniter->runController(Object(App\Controllers\Autentikasi))
#7 C:\xampp\htdocs\toko_online\vendor\codeigniter4\framework\system\CodeIgniter.php(336): CodeIgniter\CodeIgniter->handleRequest(NULL, Object(Config\Cache), false)
#8 C:\xampp\htdocs\toko_online\public\index.php(37): CodeIgniter\CodeIgniter->run()
#9 {main}
CRITICAL - 2021-06-07 12:56:01 --> Undefined variable: username
#0 C:\xampp\htdocs\toko_online\app\Views\register.php(17): CodeIgniter\Debug\Exceptions->errorHandler(8, 'Undefined varia...', 'C:\\xampp\\htdocs...', 17, Array)
#1 C:\xampp\htdocs\toko_online\vendor\codeigniter4\framework\system\View\View.php(230): include('C:\\xampp\\htdocs...')
#2 C:\xampp\htdocs\toko_online\vendor\codeigniter4\framework\system\View\View.php(232): CodeIgniter\View\View->CodeIgniter\View\{closure}()
#3 C:\xampp\htdocs\toko_online\vendor\codeigniter4\framework\system\Common.php(1271): CodeIgniter\View\View->render('register', Array, true)
#4 C:\xampp\htdocs\toko_online\app\Controllers\autentikasi.php(13): view('register')
#5 C:\xampp\htdocs\toko_online\vendor\codeigniter4\framework\system\CodeIgniter.php(928): App\Controllers\Autentikasi->register()
#6 C:\xampp\htdocs\toko_online\vendor\codeigniter4\framework\system\CodeIgniter.php(436): CodeIgniter\CodeIgniter->runController(Object(App\Controllers\Autentikasi))
#7 C:\xampp\htdocs\toko_online\vendor\codeigniter4\framework\system\CodeIgniter.php(336): CodeIgniter\CodeIgniter->handleRequest(NULL, Object(Config\Cache), false)
#8 C:\xampp\htdocs\toko_online\public\index.php(37): CodeIgniter\CodeIgniter->run()
#9 {main}
CRITICAL - 2021-06-07 12:56:02 --> Undefined variable: username
#0 C:\xampp\htdocs\toko_online\app\Views\register.php(17): CodeIgniter\Debug\Exceptions->errorHandler(8, 'Undefined varia...', 'C:\\xampp\\htdocs...', 17, Array)
#1 C:\xampp\htdocs\toko_online\vendor\codeigniter4\framework\system\View\View.php(230): include('C:\\xampp\\htdocs...')
#2 C:\xampp\htdocs\toko_online\vendor\codeigniter4\framework\system\View\View.php(232): CodeIgniter\View\View->CodeIgniter\View\{closure}()
#3 C:\xampp\htdocs\toko_online\vendor\codeigniter4\framework\system\Common.php(1271): CodeIgniter\View\View->render('register', Array, true)
#4 C:\xampp\htdocs\toko_online\app\Controllers\autentikasi.php(13): view('register')
#5 C:\xampp\htdocs\toko_online\vendor\codeigniter4\framework\system\CodeIgniter.php(928): App\Controllers\Autentikasi->register()
#6 C:\xampp\htdocs\toko_online\vendor\codeigniter4\framework\system\CodeIgniter.php(436): CodeIgniter\CodeIgniter->runController(Object(App\Controllers\Autentikasi))
#7 C:\xampp\htdocs\toko_online\vendor\codeigniter4\framework\system\CodeIgniter.php(336): CodeIgniter\CodeIgniter->handleRequest(NULL, Object(Config\Cache), false)
#8 C:\xampp\htdocs\toko_online\public\index.php(37): CodeIgniter\CodeIgniter->run()
#9 {main}
CRITICAL - 2021-06-07 15:08:36 --> syntax error, unexpected 'endif' (T_ENDIF), expecting end of file
#0 C:\xampp\htdocs\toko_online\vendor\codeigniter4\framework\system\View\View.php(232): CodeIgniter\View\View->CodeIgniter\View\{closure}()
#1 C:\xampp\htdocs\toko_online\vendor\codeigniter4\framework\system\Common.php(1271): CodeIgniter\View\View->render('register', Array, true)
#2 C:\xampp\htdocs\toko_online\app\Controllers\autentikasi.php(34): view('register')
#3 C:\xampp\htdocs\toko_online\vendor\codeigniter4\framework\system\CodeIgniter.php(928): App\Controllers\Autentikasi->register()
#4 C:\xampp\htdocs\toko_online\vendor\codeigniter4\framework\system\CodeIgniter.php(436): CodeIgniter\CodeIgniter->runController(Object(App\Controllers\Autentikasi))
#5 C:\xampp\htdocs\toko_online\vendor\codeigniter4\framework\system\CodeIgniter.php(336): CodeIgniter\CodeIgniter->handleRequest(NULL, Object(Config\Cache), false)
#6 C:\xampp\htdocs\toko_online\public\index.php(37): CodeIgniter\CodeIgniter->run()
#7 {main}
CRITICAL - 2021-06-07 15:10:00 --> Invalid argument supplied for foreach()
#0 C:\xampp\htdocs\toko_online\app\Views\register.php(31): CodeIgniter\Debug\Exceptions->errorHandler(2, 'Invalid argumen...', 'C:\\xampp\\htdocs...', 31, Array)
#1 C:\xampp\htdocs\toko_online\vendor\codeigniter4\framework\system\View\View.php(230): include('C:\\xampp\\htdocs...')
#2 C:\xampp\htdocs\toko_online\vendor\codeigniter4\framework\system\View\View.php(232): CodeIgniter\View\View->CodeIgniter\View\{closure}()
#3 C:\xampp\htdocs\toko_online\vendor\codeigniter4\framework\system\Common.php(1271): CodeIgniter\View\View->render('register', Array, true)
#4 C:\xampp\htdocs\toko_online\app\Controllers\autentikasi.php(34): view('register')
#5 C:\xampp\htdocs\toko_online\vendor\codeigniter4\framework\system\CodeIgniter.php(928): App\Controllers\Autentikasi->register()
#6 C:\xampp\htdocs\toko_online\vendor\codeigniter4\framework\system\CodeIgniter.php(436): CodeIgniter\CodeIgniter->runController(Object(App\Controllers\Autentikasi))
#7 C:\xampp\htdocs\toko_online\vendor\codeigniter4\framework\system\CodeIgniter.php(336): CodeIgniter\CodeIgniter->handleRequest(NULL, Object(Config\Cache), false)
#8 C:\xampp\htdocs\toko_online\public\index.php(37): CodeIgniter\CodeIgniter->run()
#9 {main}
CRITICAL - 2021-06-07 15:37:47 --> syntax error, unexpected 'endif' (T_ENDIF), expecting end of file
#0 C:\xampp\htdocs\toko_online\vendor\codeigniter4\framework\system\View\View.php(232): CodeIgniter\View\View->CodeIgniter\View\{closure}()
#1 C:\xampp\htdocs\toko_online\vendor\codeigniter4\framework\system\Common.php(1271): CodeIgniter\View\View->render('register', Array, true)
#2 C:\xampp\htdocs\toko_online\app\Controllers\autentikasi.php(34): view('register')
#3 C:\xampp\htdocs\toko_online\vendor\codeigniter4\framework\system\CodeIgniter.php(928): App\Controllers\Autentikasi->register()
#4 C:\xampp\htdocs\toko_online\vendor\codeigniter4\framework\system\CodeIgniter.php(436): CodeIgniter\CodeIgniter->runController(Object(App\Controllers\Autentikasi))
#5 C:\xampp\htdocs\toko_online\vendor\codeigniter4\framework\system\CodeIgniter.php(336): CodeIgniter\CodeIgniter->handleRequest(NULL, Object(Config\Cache), false)
#6 C:\xampp\htdocs\toko_online\public\index.php(37): CodeIgniter\CodeIgniter->run()
#7 {main}
CRITICAL - 2021-06-07 15:38:25 --> Invalid argument supplied for foreach()
#0 C:\xampp\htdocs\toko_online\app\Views\register.php(31): CodeIgniter\Debug\Exceptions->errorHandler(2, 'Invalid argumen...', 'C:\\xampp\\htdocs...', 31, Array)
#1 C:\xampp\htdocs\toko_online\vendor\codeigniter4\framework\system\View\View.php(230): include('C:\\xampp\\htdocs...')
#2 C:\xampp\htdocs\toko_online\vendor\codeigniter4\framework\system\View\View.php(232): CodeIgniter\View\View->CodeIgniter\View\{closure}()
#3 C:\xampp\htdocs\toko_online\vendor\codeigniter4\framework\system\Common.php(1271): CodeIgniter\View\View->render('register', Array, true)
#4 C:\xampp\htdocs\toko_online\app\Controllers\autentikasi.php(34): view('register')
#5 C:\xampp\htdocs\toko_online\vendor\codeigniter4\framework\system\CodeIgniter.php(928): App\Controllers\Autentikasi->register()
#6 C:\xampp\htdocs\toko_online\vendor\codeigniter4\framework\system\CodeIgniter.php(436): CodeIgniter\CodeIgniter->runController(Object(App\Controllers\Autentikasi))
#7 C:\xampp\htdocs\toko_online\vendor\codeigniter4\framework\system\CodeIgniter.php(336): CodeIgniter\CodeIgniter->handleRequest(NULL, Object(Config\Cache), false)
#8 C:\xampp\htdocs\toko_online\public\index.php(37): CodeIgniter\CodeIgniter->run()
#9 {main}
CRITICAL - 2021-06-07 15:39:01 --> syntax error, unexpected 'endif' (T_ENDIF), expecting end of file
#0 C:\xampp\htdocs\toko_online\vendor\codeigniter4\framework\system\View\View.php(232): CodeIgniter\View\View->CodeIgniter\View\{closure}()
#1 C:\xampp\htdocs\toko_online\vendor\codeigniter4\framework\system\Common.php(1271): CodeIgniter\View\View->render('register', Array, true)
#2 C:\xampp\htdocs\toko_online\app\Controllers\autentikasi.php(34): view('register')
#3 C:\xampp\htdocs\toko_online\vendor\codeigniter4\framework\system\CodeIgniter.php(928): App\Controllers\Autentikasi->register()
#4 C:\xampp\htdocs\toko_online\vendor\codeigniter4\framework\system\CodeIgniter.php(436): CodeIgniter\CodeIgniter->runController(Object(App\Controllers\Autentikasi))
#5 C:\xampp\htdocs\toko_online\vendor\codeigniter4\framework\system\CodeIgniter.php(336): CodeIgniter\CodeIgniter->handleRequest(NULL, Object(Config\Cache), false)
#6 C:\xampp\htdocs\toko_online\public\index.php(37): CodeIgniter\CodeIgniter->run()
#7 {main}
CRITICAL - 2021-06-07 15:54:20 --> syntax error, unexpected 'endif' (T_ENDIF), expecting end of file
#0 C:\xampp\htdocs\toko_online\vendor\codeigniter4\framework\system\View\View.php(232): CodeIgniter\View\View->CodeIgniter\View\{closure}()
#1 C:\xampp\htdocs\toko_online\vendor\codeigniter4\framework\system\Common.php(1271): CodeIgniter\View\View->render('register', Array, true)
#2 C:\xampp\htdocs\toko_online\app\Controllers\autentikasi.php(34): view('register')
#3 C:\xampp\htdocs\toko_online\vendor\codeigniter4\framework\system\CodeIgniter.php(928): App\Controllers\Autentikasi->register()
#4 C:\xampp\htdocs\toko_online\vendor\codeigniter4\framework\system\CodeIgniter.php(436): CodeIgniter\CodeIgniter->runController(Object(App\Controllers\Autentikasi))
#5 C:\xampp\htdocs\toko_online\vendor\codeigniter4\framework\system\CodeIgniter.php(336): CodeIgniter\CodeIgniter->handleRequest(NULL, Object(Config\Cache), false)
#6 C:\xampp\htdocs\toko_online\public\index.php(37): CodeIgniter\CodeIgniter->run()
#7 {main}
