CRITICAL - 2021-06-06 22:00:31 --> Invalid file: content.php
#0 C:\xampp\htdocs\toko_online\vendor\codeigniter4\framework\system\View\View.php(213): CodeIgniter\Exceptions\FrameworkException::forInvalidFile('content.php')
#1 C:\xampp\htdocs\toko_online\vendor\codeigniter4\framework\system\View\View.php(246): CodeIgniter\View\View->render('content', Array, true)
#2 C:\xampp\htdocs\toko_online\vendor\codeigniter4\framework\system\Common.php(1271): CodeIgniter\View\View->render('hello/world', Array, true)
#3 C:\xampp\htdocs\toko_online\app\Controllers\Home.php(9): view('hello/world')
#4 C:\xampp\htdocs\toko_online\vendor\codeigniter4\framework\system\CodeIgniter.php(928): App\Controllers\Home->index()
#5 C:\xampp\htdocs\toko_online\vendor\codeigniter4\framework\system\CodeIgniter.php(436): CodeIgniter\CodeIgniter->runController(Object(App\Controllers\Home))
#6 C:\xampp\htdocs\toko_online\vendor\codeigniter4\framework\system\CodeIgniter.php(336): CodeIgniter\CodeIgniter->handleRequest(NULL, Object(Config\Cache), false)
#7 C:\xampp\htdocs\toko_online\public\index.php(37): CodeIgniter\CodeIgniter->run()
#8 {main}
CRITICAL - 2021-06-06 22:01:38 --> Invalid file: content.php
#0 C:\xampp\htdocs\toko_online\vendor\codeigniter4\framework\system\View\View.php(213): CodeIgniter\Exceptions\FrameworkException::forInvalidFile('content.php')
#1 C:\xampp\htdocs\toko_online\vendor\codeigniter4\framework\system\View\View.php(246): CodeIgniter\View\View->render('content', Array, true)
#2 C:\xampp\htdocs\toko_online\vendor\codeigniter4\framework\system\Common.php(1271): CodeIgniter\View\View->render('hello/world', Array, true)
#3 C:\xampp\htdocs\toko_online\app\Controllers\Home.php(9): view('hello/world')
#4 C:\xampp\htdocs\toko_online\vendor\codeigniter4\framework\system\CodeIgniter.php(928): App\Controllers\Home->index()
#5 C:\xampp\htdocs\toko_online\vendor\codeigniter4\framework\system\CodeIgniter.php(436): CodeIgniter\CodeIgniter->runController(Object(App\Controllers\Home))
#6 C:\xampp\htdocs\toko_online\vendor\codeigniter4\framework\system\CodeIgniter.php(336): CodeIgniter\CodeIgniter->handleRequest(NULL, Object(Config\Cache), false)
#7 C:\xampp\htdocs\toko_online\public\index.php(37): CodeIgniter\CodeIgniter->run()
#8 {main}
CRITICAL - 2021-06-06 22:06:11 --> Invalid file: content.php
#0 C:\xampp\htdocs\toko_online\vendor\codeigniter4\framework\system\View\View.php(213): CodeIgniter\Exceptions\FrameworkException::forInvalidFile('content.php')
#1 C:\xampp\htdocs\toko_online\vendor\codeigniter4\framework\system\View\View.php(246): CodeIgniter\View\View->render('content', Array, true)
#2 C:\xampp\htdocs\toko_online\vendor\codeigniter4\framework\system\Common.php(1271): CodeIgniter\View\View->render('hello/world', Array, true)
#3 C:\xampp\htdocs\toko_online\app\Controllers\Home.php(9): view('hello/world')
#4 C:\xampp\htdocs\toko_online\vendor\codeigniter4\framework\system\CodeIgniter.php(928): App\Controllers\Home->index()
#5 C:\xampp\htdocs\toko_online\vendor\codeigniter4\framework\system\CodeIgniter.php(436): CodeIgniter\CodeIgniter->runController(Object(App\Controllers\Home))
#6 C:\xampp\htdocs\toko_online\vendor\codeigniter4\framework\system\CodeIgniter.php(336): CodeIgniter\CodeIgniter->handleRequest(NULL, Object(Config\Cache), false)
#7 C:\xampp\htdocs\toko_online\public\index.php(37): CodeIgniter\CodeIgniter->run()
#8 {main}
